e:\edeyaa_trial\mfcdialogdemo\mfcdialogdemo\debug\vc142.pdb
e:\edeyaa_trial\mfcdialogdemo\mfcdialogdemo\debug\vc142.idb
e:\edeyaa_trial\mfcdialogdemo\mfcdialogdemo\debug\example.obj
e:\edeyaa_trial\mfcdialogdemo\mfcdialogdemo\debug\arc4.obj
e:\edeyaa_trial\mfcdialogdemo\mfcdialogdemo\debug\mfcdialogdemo.res
e:\edeyaa_trial\mfcdialogdemo\debug\encryption message.pdb
e:\edeyaa_trial\mfcdialogdemo\mfcdialogdemo\debug\encrypti.624e7a4d.tlog\cl.command.1.tlog
e:\edeyaa_trial\mfcdialogdemo\mfcdialogdemo\debug\encrypti.624e7a4d.tlog\cl.read.1.tlog
e:\edeyaa_trial\mfcdialogdemo\mfcdialogdemo\debug\encrypti.624e7a4d.tlog\cl.write.1.tlog
e:\edeyaa_trial\mfcdialogdemo\mfcdialogdemo\debug\encrypti.624e7a4d.tlog\link-cvtres.read.1.tlog
e:\edeyaa_trial\mfcdialogdemo\mfcdialogdemo\debug\encrypti.624e7a4d.tlog\link-cvtres.write.1.tlog
e:\edeyaa_trial\mfcdialogdemo\mfcdialogdemo\debug\encrypti.624e7a4d.tlog\link-mt.read.1.tlog
e:\edeyaa_trial\mfcdialogdemo\mfcdialogdemo\debug\encrypti.624e7a4d.tlog\link-mt.write.1.tlog
e:\edeyaa_trial\mfcdialogdemo\mfcdialogdemo\debug\encrypti.624e7a4d.tlog\link-rc.read.1.tlog
e:\edeyaa_trial\mfcdialogdemo\mfcdialogdemo\debug\encrypti.624e7a4d.tlog\link-rc.write.1.tlog
e:\edeyaa_trial\mfcdialogdemo\mfcdialogdemo\debug\encrypti.624e7a4d.tlog\link.command.1.tlog
e:\edeyaa_trial\mfcdialogdemo\mfcdialogdemo\debug\encrypti.624e7a4d.tlog\link.read.1.tlog
e:\edeyaa_trial\mfcdialogdemo\mfcdialogdemo\debug\encrypti.624e7a4d.tlog\link.write.1.tlog
e:\edeyaa_trial\mfcdialogdemo\mfcdialogdemo\debug\encrypti.624e7a4d.tlog\rc.command.1.tlog
e:\edeyaa_trial\mfcdialogdemo\mfcdialogdemo\debug\encrypti.624e7a4d.tlog\rc.read.1.tlog
e:\edeyaa_trial\mfcdialogdemo\mfcdialogdemo\debug\encrypti.624e7a4d.tlog\rc.write.1.tlog
